<?xml version="1.0" encoding="UTF-8"?>
<testng-results skipped="0" failed="0" total="1" passed="1">
  <reporter-output>
  </reporter-output>
  <suite name="crm test app" duration-ms="18238" started-at="2019-07-21T18:10:27Z" finished-at="2019-07-21T18:10:45Z">
    <groups>
    </groups>
    <test name="parameter testing" duration-ms="18238" started-at="2019-07-21T18:10:27Z" finished-at="2019-07-21T18:10:45Z">
      <class name="testing.Example6">
        <test-method status="PASS" signature="validation(java.lang.String, java.lang.String, java.lang.String, java.lang.String)[pri:0, instance:testing.Example6@7921b0a2]" name="validation" duration-ms="18186" started-at="2019-07-21T23:40:27Z" finished-at="2019-07-21T23:40:45Z">
          <params>
            <param index="0">
              <value>
                <![CDATA[chrome]]>
              </value>
            </param>
            <param index="1">
              <value>
                <![CDATA[https://classic.crmpro.com]]>
              </value>
            </param>
            <param index="2">
              <value>
                <![CDATA[naveenk]]>
              </value>
            </param>
            <param index="3">
              <value>
                <![CDATA[test123]]>
              </value>
            </param>
          </params>
          <reporter-output>
          </reporter-output>
        </test-method> <!-- validation -->
      </class> <!-- testing.Example6 -->
    </test> <!-- parameter testing -->
  </suite> <!-- crm test app -->
</testng-results>
